#
# A fatal error has been detected by the Java Runtime Environment:
#
#  Internal Error (classFileParser.cpp:3494), pid=7619, tid=3061685056
#  Error: ShouldNotReachHere()
#
# JRE version: 6.0_27-b27
# Java VM: OpenJDK Server VM (20.0-b12 mixed mode linux-x86 )
# Derivative: IcedTea6 1.12.6
# Distribution: Ubuntu 12.04 LTS, package 6b27-1.12.6-1ubuntu0.12.04.4
# If you would like to submit a bug report, please include
# instructions how to reproduce the bug and visit:
#   https://bugs.launchpad.net/ubuntu/+source/openjdk-6/
#

---------------  T H R E A D  ---------------

Current thread (0xb6605400):  JavaThread "Unknown thread" [_thread_in_vm, id=7620, stack(0xb6789000,0xb67da000)]

Stack: [0xb6789000,0xb67da000]
[error occurred during error reporting (printing stack bounds), id 0xb]


[error occurred during error reporting (printing native stack), id 0xb]


---------------  P R O C E S S  ---------------

Java Threads: ( => current thread )

Other Threads:

=>0xb6605400 (exited) JavaThread "Unknown thread" [_thread_in_vm, id=7620, stack(0xb6789000,0xb67da000)]

VM state:not at safepoint (not fully initialized)

VM Mutex/Monitor currently owned by a thread: None

Dynamic libraries:
08048000-08051000 r-xp 00000000 08:08 1579816    /usr/lib/jvm/java-6-openjdk-i386/jre/bin/java
08051000-08052000 r--p 00008000 08:08 1579816    /usr/lib/jvm/java-6-openjdk-i386/jre/bin/java
08052000-08053000 rw-p 00009000 08:08 1579816    /usr/lib/jvm/java-6-openjdk-i386/jre/bin/java
094eb000-0950c000 rw-p 00000000 00:00 0          [heap]
8ab29000-8ac00000 r--s 013f2000 08:08 524737     /usr/share/adt-bundle/sdk/platforms/android-19/android.jar
8ac00000-8ac21000 rw-p 00000000 00:00 0 
8ac21000-8ad00000 ---p 00000000 00:00 0 
8ad7f000-8ad80000 ---p 00000000 00:00 0 
8ad80000-8ae00000 rw-p 00000000 00:00 0 
8ae00000-8ae21000 rw-p 00000000 00:00 0 
8ae21000-8af00000 ---p 00000000 00:00 0 
8af00000-8af21000 rw-p 00000000 00:00 0 
8af21000-8b000000 ---p 00000000 00:00 0 
8b07f000-8b080000 ---p 00000000 00:00 0 
8b080000-8b100000 rw-p 00000000 00:00 0 
8b100000-8b121000 rw-p 00000000 00:00 0 
8b121000-8b200000 ---p 00000000 00:00 0 
8b212000-8b213000 ---p 00000000 00:00 0 
8b213000-8b293000 rw-p 00000000 00:00 0 
8b293000-8b294000 ---p 00000000 00:00 0 
8b294000-8b31c000 rw-p 00000000 00:00 0 
8b31c000-8b354000 rw-p 00000000 00:00 0 
8b354000-8b35f000 rw-p 00000000 00:00 0 
8b35f000-8b3ff000 rw-p 00000000 00:00 0 
8b3ff000-8b407000 rw-p 00000000 00:00 0 
8b407000-8b43f000 rw-p 00000000 00:00 0 
8b43f000-8b44a000 rw-p 00000000 00:00 0 
8b44a000-8b4e9000 rw-p 00000000 00:00 0 
8b4e9000-8b4ef000 rw-p 00000000 00:00 0 
8b4ef000-8b53f000 rw-p 00000000 00:00 0 
8b53f000-8c540000 rw-p 00000000 00:00 0 
8c540000-93540000 rw-p 00000000 00:00 0 
93540000-94a00000 rw-p 00000000 00:00 0 
94a00000-a8aa0000 rw-p 00000000 00:00 0 
a8aa0000-a9500000 rw-p 00000000 00:00 0 
a9500000-b3540000 rw-p 00000000 00:00 0 
b3540000-b3549000 rw-p 00000000 00:00 0 
b3549000-b3600000 rw-p 00000000 00:00 0 
b3600000-b3840000 rwxp 00000000 00:00 0 
b3840000-b6667000 rw-p 00000000 00:00 0 
b6667000-b6700000 ---p 00000000 00:00 0 
b6705000-b6710000 r-xp 00000000 08:08 1321699    /lib/i386-linux-gnu/libnss_files-2.15.so
b6710000-b6711000 r--p 0000a000 08:08 1321699    /lib/i386-linux-gnu/libnss_files-2.15.so
b6711000-b6712000 rw-p 0000b000 08:08 1321699    /lib/i386-linux-gnu/libnss_files-2.15.so
b6712000-b671c000 r-xp 00000000 08:08 1321698    /lib/i386-linux-gnu/libnss_nis-2.15.so
b671c000-b671d000 r--p 00009000 08:08 1321698    /lib/i386-linux-gnu/libnss_nis-2.15.so
b671d000-b671e000 rw-p 0000a000 08:08 1321698    /lib/i386-linux-gnu/libnss_nis-2.15.so
b671e000-b6734000 r-xp 00000000 08:08 1318783    /lib/i386-linux-gnu/libnsl-2.15.so
b6734000-b6735000 r--p 00015000 08:08 1318783    /lib/i386-linux-gnu/libnsl-2.15.so
b6735000-b6736000 rw-p 00016000 08:08 1318783    /lib/i386-linux-gnu/libnsl-2.15.so
b6736000-b6738000 rw-p 00000000 00:00 0 
b6738000-b673f000 r-xp 00000000 08:08 1321700    /lib/i386-linux-gnu/libnss_compat-2.15.so
b673f000-b6740000 r--p 00006000 08:08 1321700    /lib/i386-linux-gnu/libnss_compat-2.15.so
b6740000-b6741000 rw-p 00007000 08:08 1321700    /lib/i386-linux-gnu/libnss_compat-2.15.so
b6746000-b674d000 r-xp 00000000 08:08 1585586    /usr/lib/jvm/java-6-openjdk-i386/jre/lib/i386/libzip.so
b674d000-b674e000 r--p 00006000 08:08 1585586    /usr/lib/jvm/java-6-openjdk-i386/jre/lib/i386/libzip.so
b674e000-b674f000 rw-p 00007000 08:08 1585586    /usr/lib/jvm/java-6-openjdk-i386/jre/lib/i386/libzip.so
b674f000-b6757000 rw-s 00000000 08:08 2166       /tmp/hsperfdata_snail/7619
b6757000-b677d000 r-xp 00000000 08:08 1585576    /usr/lib/jvm/java-6-openjdk-i386/jre/lib/i386/libjava.so
b677d000-b677e000 r--p 00025000 08:08 1585576    /usr/lib/jvm/java-6-openjdk-i386/jre/lib/i386/libjava.so
b677e000-b6780000 rw-p 00026000 08:08 1585576    /usr/lib/jvm/java-6-openjdk-i386/jre/lib/i386/libjava.so
b6780000-b6787000 r-xp 00000000 08:08 1321693    /lib/i386-linux-gnu/librt-2.15.so
b6787000-b6788000 r--p 00006000 08:08 1321693    /lib/i386-linux-gnu/librt-2.15.so
b6788000-b6789000 rw-p 00007000 08:08 1321693    /lib/i386-linux-gnu/librt-2.15.so
b6789000-b678c000 ---p 00000000 00:00 0 
b678c000-b67da000 rw-p 00000000 00:00 0 
b67da000-b67f6000 r-xp 00000000 08:08 1311678    /lib/i386-linux-gnu/libgcc_s.so.1
b67f6000-b67f7000 r--p 0001b000 08:08 1311678    /lib/i386-linux-gnu/libgcc_s.so.1
b67f7000-b67f8000 rw-p 0001c000 08:08 1311678    /lib/i386-linux-gnu/libgcc_s.so.1
b67f8000-b6822000 r-xp 00000000 08:08 1321697    /lib/i386-linux-gnu/libm-2.15.so
b6822000-b6823000 r--p 00029000 08:08 1321697    /lib/i386-linux-gnu/libm-2.15.so
b6823000-b6824000 rw-p 0002a000 08:08 1321697    /lib/i386-linux-gnu/libm-2.15.so
b6824000-b68fc000 r-xp 00000000 08:08 1053134    /usr/lib/i386-linux-gnu/libstdc++.so.6.0.16
b68fc000-b68fd000 ---p 000d8000 08:08 1053134    /usr/lib/i386-linux-gnu/libstdc++.so.6.0.16
b68fd000-b6901000 r--p 000d8000 08:08 1053134    /usr/lib/i386-linux-gnu/libstdc++.so.6.0.16
b6901000-b6902000 rw-p 000dc000 08:08 1053134    /usr/lib/i386-linux-gnu/libstdc++.so.6.0.16
b6902000-b6909000 rw-p 00000000 00:00 0 
b6909000-b7129000 r-xp 00000000 08:08 1585569    /usr/lib/jvm/java-6-openjdk-i386/jre/lib/i386/server/libjvm.so
b7129000-b716e000 r--p 0081f000 08:08 1585569    /usr/lib/jvm/java-6-openjdk-i386/jre/lib/i386/server/libjvm.so
b716e000-b717d000 rw-p 00864000 08:08 1585569    /usr/lib/jvm/java-6-openjdk-i386/jre/lib/i386/server/libjvm.so
b717d000-b7599000 rw-p 00000000 00:00 0 
b7599000-b75ad000 r-xp 00000000 08:08 1311768    /lib/i386-linux-gnu/libz.so.1.2.3.4
b75ad000-b75ae000 r--p 00013000 08:08 1311768    /lib/i386-linux-gnu/libz.so.1.2.3.4
b75ae000-b75af000 rw-p 00014000 08:08 1311768    /lib/i386-linux-gnu/libz.so.1.2.3.4
b75af000-b7753000 r-xp 00000000 08:08 1321702    /lib/i386-linux-gnu/libc-2.15.so
b7753000-b7755000 r--p 001a4000 08:08 1321702    /lib/i386-linux-gnu/libc-2.15.so
b7755000-b7756000 rw-p 001a6000 08:08 1321702    /lib/i386-linux-gnu/libc-2.15.so
b7756000-b7759000 rw-p 00000000 00:00 0 
b7759000-b775c000 r-xp 00000000 08:08 1321701    /lib/i386-linux-gnu/libdl-2.15.so
b775c000-b775d000 r--p 00002000 08:08 1321701    /lib/i386-linux-gnu/libdl-2.15.so
b775d000-b775e000 rw-p 00003000 08:08 1321701    /lib/i386-linux-gnu/libdl-2.15.so
b775e000-b7762000 r-xp 00000000 08:08 1585585    /usr/lib/jvm/java-6-openjdk-i386/jre/lib/i386/jli/libjli.so
b7762000-b7763000 r--p 00003000 08:08 1585585    /usr/lib/jvm/java-6-openjdk-i386/jre/lib/i386/jli/libjli.so
b7763000-b7764000 rw-p 00004000 08:08 1585585    /usr/lib/jvm/java-6-openjdk-i386/jre/lib/i386/jli/libjli.so
b7764000-b7765000 rw-p 00000000 00:00 0 
b7765000-b777c000 r-xp 00000000 08:08 1321691    /lib/i386-linux-gnu/libpthread-2.15.so
b777c000-b777d000 r--p 00016000 08:08 1321691    /lib/i386-linux-gnu/libpthread-2.15.so
b777d000-b777e000 rw-p 00017000 08:08 1321691    /lib/i386-linux-gnu/libpthread-2.15.so
b777e000-b7780000 rw-p 00000000 00:00 0 
b7786000-b7787000 rw-p 00000000 00:00 0 
b7787000-b7788000 r--p 00000000 00:00 0 
b7788000-b7793000 r-xp 00000000 08:08 1585601    /usr/lib/jvm/java-6-openjdk-i386/jre/lib/i386/libverify.so
b7793000-b7794000 ---p 0000b000 08:08 1585601    /usr/lib/jvm/java-6-openjdk-i386/jre/lib/i386/libverify.so
b7794000-b7795000 r--p 0000b000 08:08 1585601    /usr/lib/jvm/java-6-openjdk-i386/jre/lib/i386/libverify.so
b7795000-b7796000 rw-p 0000c000 08:08 1585601    /usr/lib/jvm/java-6-openjdk-i386/jre/lib/i386/libverify.so
b7796000-b7798000 rw-p 00000000 00:00 0 
b7798000-b77b8000 r-xp 00000000 08:08 1321692    /lib/i386-linux-gnu/ld-2.15.so
b77b8000-b77b9000 r--p 0001f000 08:08 1321692    /lib/i386-linux-gnu/ld-2.15.so
b77b9000-b77ba000 rw-p 00020000 08:08 1321692    /lib/i386-linux-gnu/ld-2.15.so
bfd4a000-bfd6b000 rw-p 00000000 00:00 0          [stack]

VM Arguments:
jvm_args: -Dfile.encoding=UTF-8 -Xbootclasspath:/usr/share/adt-bundle/sdk/platforms/android-19/android.jar 
java_command: com.yimi.protocol.Protocol
Launcher Type: SUN_STANDARD

Environment Variables:
PATH=/usr/lib/lightdm/lightdm:/usr/local/sbin:/usr/local/bin:/usr/sbin:/usr/bin:/sbin:/bin:/usr/games
LD_LIBRARY_PATH=/usr/lib/jvm/java-6-openjdk-i386/jre/lib/i386/server:/usr/lib/jvm/java-6-openjdk-i386/jre/lib/i386:/usr/lib/jvm/java-6-openjdk-i386/jre/../lib/i386:/usr/lib/jvm/java-6-openjdk-i386/jre/lib/i386/client:/usr/lib/jvm/java-6-openjdk-i386/jre/lib/i386:
SHELL=/bin/bash
DISPLAY=:0

Signal Handlers:
SIGSEGV: [libjvm.so+0x66e740], sa_mask[0]=0x7ffbfeff, sa_flags=0x10000004
SIGBUS: [libjvm.so+0x66e740], sa_mask[0]=0x7ffbfeff, sa_flags=0x10000004
SIGFPE: [libjvm.so+0x530480], sa_mask[0]=0x7ffbfeff, sa_flags=0x10000004
SIGPIPE: [libjvm.so+0x530480], sa_mask[0]=0x7ffbfeff, sa_flags=0x10000004
SIGXFSZ: [libjvm.so+0x530480], sa_mask[0]=0x7ffbfeff, sa_flags=0x10000004
SIGILL: [libjvm.so+0x530480], sa_mask[0]=0x7ffbfeff, sa_flags=0x10000004
SIGUSR1: SIG_DFL, sa_mask[0]=0x00000000, sa_flags=0x00000000
SIGUSR2: [libjvm.so+0x530310], sa_mask[0]=0x00000004, sa_flags=0x10000004
SIGHUP: SIG_DFL, sa_mask[0]=0x00000000, sa_flags=0x00000000
SIGINT: SIG_DFL, sa_mask[0]=0x00000000, sa_flags=0x00000000
SIGTERM: SIG_DFL, sa_mask[0]=0x00000000, sa_flags=0x00000000
SIGQUIT: SIG_DFL, sa_mask[0]=0x00000000, sa_flags=0x00000000


---------------  S Y S T E M  ---------------

OS:"elementary OS" 0.2 (luna)
uname:Linux 3.2.0-58-generic-pae #88-Ubuntu SMP Tue Dec 3 18:00:02 UTC 2013 i686
libc:glibc 2.15 NPTL 2.15 
rlimit: STACK 8192k, CORE 0k, NPROC 15764, NOFILE 4096, AS infinity
load average:0.55 0.57 0.59

/proc/meminfo:
MemTotal:        2037316 kB
MemFree:          295324 kB
Buffers:           25008 kB
Cached:           598660 kB
SwapCached:         4408 kB
Active:           742572 kB
Inactive:         781936 kB
Active(anon):     453668 kB
Inactive(anon):   451016 kB
Active(file):     288904 kB
Inactive(file):   330920 kB
Unevictable:          48 kB
Mlocked:              48 kB
HighTotal:       1161768 kB
HighFree:          55612 kB
LowTotal:         875548 kB
LowFree:          239712 kB
SwapTotal:       2070524 kB
SwapFree:        2005128 kB
Dirty:               172 kB
Writeback:             0 kB
AnonPages:        897568 kB
Mapped:           192980 kB
Shmem:              3664 kB
Slab:              52912 kB
SReclaimable:      26936 kB
SUnreclaim:        25976 kB
KernelStack:        3912 kB
PageTables:        14048 kB
NFS_Unstable:          0 kB
Bounce:                0 kB
WritebackTmp:          0 kB
CommitLimit:     3089180 kB
Committed_AS:    3904952 kB
VmallocTotal:     122880 kB
VmallocUsed:       26880 kB
VmallocChunk:      95484 kB
HardwareCorrupted:     0 kB
AnonHugePages:         0 kB
HugePages_Total:       0
HugePages_Free:        0
HugePages_Rsvd:        0
HugePages_Surp:        0
Hugepagesize:       2048 kB
DirectMap4k:        8184 kB
DirectMap2M:      905216 kB


CPU:total 4 (2 cores per cpu, 2 threads per core) family 6 model 42 stepping 7, cmov, cx8, fxsr, mmx, sse, sse2, sse3, ssse3, sse4.1, sse4.2, popcnt, ht

Memory: 4k page, physical 2037316k(295324k free), swap 2070524k(2005128k free)

vm_info: OpenJDK Server VM (20.0-b12) for linux-x86 JRE (1.6.0_27-b27), built on Nov 16 2013 15:21:31 by "buildd" with gcc 4.6.3

time: Wed Jan  1 18:19:48 2014
elapsed time: 0 seconds

