#
# A fatal error has been detected by the Java Runtime Environment:
#
#  Internal Error (classFileParser.cpp:3494), pid=26996, tid=3061947200
#  Error: ShouldNotReachHere()
#
# JRE version: 6.0_27-b27
# Java VM: OpenJDK Server VM (20.0-b12 mixed mode linux-x86 )
# Derivative: IcedTea6 1.12.6
# Distribution: Ubuntu 12.04 LTS, package 6b27-1.12.6-1ubuntu0.12.04.4
# If you would like to submit a bug report, please include
# instructions how to reproduce the bug and visit:
#   https://bugs.launchpad.net/ubuntu/+source/openjdk-6/
#

---------------  T H R E A D  ---------------

Current thread (0xb6605400):  JavaThread "Unknown thread" [_thread_in_vm, id=27003, stack(0xb67c9000,0xb681a000)]

Stack: [0xb67c9000,0xb681a000]
[error occurred during error reporting (printing stack bounds), id 0xb]


[error occurred during error reporting (printing native stack), id 0xb]


---------------  P R O C E S S  ---------------

Java Threads: ( => current thread )

Other Threads:

=>0xb6605400 (exited) JavaThread "Unknown thread" [_thread_in_vm, id=27003, stack(0xb67c9000,0xb681a000)]

VM state:not at safepoint (not fully initialized)

VM Mutex/Monitor currently owned by a thread: None

Dynamic libraries:
08048000-08051000 r-xp 00000000 08:08 1579816    /usr/lib/jvm/java-6-openjdk-i386/jre/bin/java
08051000-08052000 r--p 00008000 08:08 1579816    /usr/lib/jvm/java-6-openjdk-i386/jre/bin/java
08052000-08053000 rw-p 00009000 08:08 1579816    /usr/lib/jvm/java-6-openjdk-i386/jre/bin/java
080f2000-08113000 rw-p 00000000 00:00 0          [heap]
8ab29000-8ac00000 r--s 013f2000 08:08 524737     /usr/share/adt-bundle/sdk/platforms/android-19/android.jar
8ac00000-8ac21000 rw-p 00000000 00:00 0 
8ac21000-8ad00000 ---p 00000000 00:00 0 
8ad7f000-8ad80000 ---p 00000000 00:00 0 
8ad80000-8ae00000 rw-p 00000000 00:00 0 
8ae00000-8ae21000 rw-p 00000000 00:00 0 
8ae21000-8af00000 ---p 00000000 00:00 0 
8af00000-8af21000 rw-p 00000000 00:00 0 
8af21000-8b000000 ---p 00000000 00:00 0 
8b07f000-8b080000 ---p 00000000 00:00 0 
8b080000-8b100000 rw-p 00000000 00:00 0 
8b100000-8b121000 rw-p 00000000 00:00 0 
8b121000-8b200000 ---p 00000000 00:00 0 
8b252000-8b253000 ---p 00000000 00:00 0 
8b253000-8b2d3000 rw-p 00000000 00:00 0 
8b2d3000-8b2d4000 ---p 00000000 00:00 0 
8b2d4000-8b35f000 rw-p 00000000 00:00 0 
8b35f000-8b3ff000 rw-p 00000000 00:00 0 
8b3ff000-8b407000 rw-p 00000000 00:00 0 
8b407000-8b43f000 rw-p 00000000 00:00 0 
8b43f000-8b44a000 rw-p 00000000 00:00 0 
8b44a000-8b4e9000 rw-p 00000000 00:00 0 
8b4e9000-8b4ef000 rw-p 00000000 00:00 0 
8b4ef000-8b53f000 rw-p 00000000 00:00 0 
8b53f000-8c540000 rw-p 00000000 00:00 0 
8c540000-93540000 rw-p 00000000 00:00 0 
93540000-94a00000 rw-p 00000000 00:00 0 
94a00000-a8aa0000 rw-p 00000000 00:00 0 
a8aa0000-a9500000 rw-p 00000000 00:00 0 
a9500000-b3540000 rw-p 00000000 00:00 0 
b3540000-b3549000 rw-p 00000000 00:00 0 
b3549000-b3600000 rw-p 00000000 00:00 0 
b3600000-b3840000 rwxp 00000000 00:00 0 
b3840000-b6667000 rw-p 00000000 00:00 0 
b6667000-b6700000 ---p 00000000 00:00 0 
b6705000-b670d000 rw-p 00000000 00:00 0 
b670d000-b6745000 rw-p 00000000 00:00 0 
b6745000-b6750000 r-xp 00000000 08:08 1321699    /lib/i386-linux-gnu/libnss_files-2.15.so
b6750000-b6751000 r--p 0000a000 08:08 1321699    /lib/i386-linux-gnu/libnss_files-2.15.so
b6751000-b6752000 rw-p 0000b000 08:08 1321699    /lib/i386-linux-gnu/libnss_files-2.15.so
b6752000-b675c000 r-xp 00000000 08:08 1321698    /lib/i386-linux-gnu/libnss_nis-2.15.so
b675c000-b675d000 r--p 00009000 08:08 1321698    /lib/i386-linux-gnu/libnss_nis-2.15.so
b675d000-b675e000 rw-p 0000a000 08:08 1321698    /lib/i386-linux-gnu/libnss_nis-2.15.so
b675e000-b6774000 r-xp 00000000 08:08 1318783    /lib/i386-linux-gnu/libnsl-2.15.so
b6774000-b6775000 r--p 00015000 08:08 1318783    /lib/i386-linux-gnu/libnsl-2.15.so
b6775000-b6776000 rw-p 00016000 08:08 1318783    /lib/i386-linux-gnu/libnsl-2.15.so
b6776000-b6778000 rw-p 00000000 00:00 0 
b6778000-b677f000 r-xp 00000000 08:08 1321700    /lib/i386-linux-gnu/libnss_compat-2.15.so
b677f000-b6780000 r--p 00006000 08:08 1321700    /lib/i386-linux-gnu/libnss_compat-2.15.so
b6780000-b6781000 rw-p 00007000 08:08 1321700    /lib/i386-linux-gnu/libnss_compat-2.15.so
b6786000-b678d000 r-xp 00000000 08:08 1585586    /usr/lib/jvm/java-6-openjdk-i386/jre/lib/i386/libzip.so
b678d000-b678e000 r--p 00006000 08:08 1585586    /usr/lib/jvm/java-6-openjdk-i386/jre/lib/i386/libzip.so
b678e000-b678f000 rw-p 00007000 08:08 1585586    /usr/lib/jvm/java-6-openjdk-i386/jre/lib/i386/libzip.so
b678f000-b6797000 rw-s 00000000 08:08 2146       /tmp/hsperfdata_snail/26996
b6797000-b67bd000 r-xp 00000000 08:08 1585576    /usr/lib/jvm/java-6-openjdk-i386/jre/lib/i386/libjava.so
b67bd000-b67be000 r--p 00025000 08:08 1585576    /usr/lib/jvm/java-6-openjdk-i386/jre/lib/i386/libjava.so
b67be000-b67c0000 rw-p 00026000 08:08 1585576    /usr/lib/jvm/java-6-openjdk-i386/jre/lib/i386/libjava.so
b67c0000-b67c7000 r-xp 00000000 08:08 1321693    /lib/i386-linux-gnu/librt-2.15.so
b67c7000-b67c8000 r--p 00006000 08:08 1321693    /lib/i386-linux-gnu/librt-2.15.so
b67c8000-b67c9000 rw-p 00007000 08:08 1321693    /lib/i386-linux-gnu/librt-2.15.so
b67c9000-b67cc000 ---p 00000000 00:00 0 
b67cc000-b681a000 rw-p 00000000 00:00 0 
b681a000-b6836000 r-xp 00000000 08:08 1311678    /lib/i386-linux-gnu/libgcc_s.so.1
b6836000-b6837000 r--p 0001b000 08:08 1311678    /lib/i386-linux-gnu/libgcc_s.so.1
b6837000-b6838000 rw-p 0001c000 08:08 1311678    /lib/i386-linux-gnu/libgcc_s.so.1
b6838000-b6862000 r-xp 00000000 08:08 1321697    /lib/i386-linux-gnu/libm-2.15.so
b6862000-b6863000 r--p 00029000 08:08 1321697    /lib/i386-linux-gnu/libm-2.15.so
b6863000-b6864000 rw-p 0002a000 08:08 1321697    /lib/i386-linux-gnu/libm-2.15.so
b6864000-b693c000 r-xp 00000000 08:08 1053134    /usr/lib/i386-linux-gnu/libstdc++.so.6.0.16
b693c000-b693d000 ---p 000d8000 08:08 1053134    /usr/lib/i386-linux-gnu/libstdc++.so.6.0.16
b693d000-b6941000 r--p 000d8000 08:08 1053134    /usr/lib/i386-linux-gnu/libstdc++.so.6.0.16
b6941000-b6942000 rw-p 000dc000 08:08 1053134    /usr/lib/i386-linux-gnu/libstdc++.so.6.0.16
b6942000-b6949000 rw-p 00000000 00:00 0 
b6949000-b7169000 r-xp 00000000 08:08 1585569    /usr/lib/jvm/java-6-openjdk-i386/jre/lib/i386/server/libjvm.so
b7169000-b71ae000 r--p 0081f000 08:08 1585569    /usr/lib/jvm/java-6-openjdk-i386/jre/lib/i386/server/libjvm.so
b71ae000-b71bd000 rw-p 00864000 08:08 1585569    /usr/lib/jvm/java-6-openjdk-i386/jre/lib/i386/server/libjvm.so
b71bd000-b75d9000 rw-p 00000000 00:00 0 
b75d9000-b75ed000 r-xp 00000000 08:08 1311768    /lib/i386-linux-gnu/libz.so.1.2.3.4
b75ed000-b75ee000 r--p 00013000 08:08 1311768    /lib/i386-linux-gnu/libz.so.1.2.3.4
b75ee000-b75ef000 rw-p 00014000 08:08 1311768    /lib/i386-linux-gnu/libz.so.1.2.3.4
b75ef000-b7793000 r-xp 00000000 08:08 1321702    /lib/i386-linux-gnu/libc-2.15.so
b7793000-b7795000 r--p 001a4000 08:08 1321702    /lib/i386-linux-gnu/libc-2.15.so
b7795000-b7796000 rw-p 001a6000 08:08 1321702    /lib/i386-linux-gnu/libc-2.15.so
b7796000-b7799000 rw-p 00000000 00:00 0 
b7799000-b779c000 r-xp 00000000 08:08 1321701    /lib/i386-linux-gnu/libdl-2.15.so
b779c000-b779d000 r--p 00002000 08:08 1321701    /lib/i386-linux-gnu/libdl-2.15.so
b779d000-b779e000 rw-p 00003000 08:08 1321701    /lib/i386-linux-gnu/libdl-2.15.so
b779e000-b77a2000 r-xp 00000000 08:08 1585585    /usr/lib/jvm/java-6-openjdk-i386/jre/lib/i386/jli/libjli.so
b77a2000-b77a3000 r--p 00003000 08:08 1585585    /usr/lib/jvm/java-6-openjdk-i386/jre/lib/i386/jli/libjli.so
b77a3000-b77a4000 rw-p 00004000 08:08 1585585    /usr/lib/jvm/java-6-openjdk-i386/jre/lib/i386/jli/libjli.so
b77a4000-b77a5000 rw-p 00000000 00:00 0 
b77a5000-b77bc000 r-xp 00000000 08:08 1321691    /lib/i386-linux-gnu/libpthread-2.15.so
b77bc000-b77bd000 r--p 00016000 08:08 1321691    /lib/i386-linux-gnu/libpthread-2.15.so
b77bd000-b77be000 rw-p 00017000 08:08 1321691    /lib/i386-linux-gnu/libpthread-2.15.so
b77be000-b77c0000 rw-p 00000000 00:00 0 
b77c6000-b77c7000 rw-p 00000000 00:00 0 
b77c7000-b77c8000 r--p 00000000 00:00 0 
b77c8000-b77d3000 r-xp 00000000 08:08 1585601    /usr/lib/jvm/java-6-openjdk-i386/jre/lib/i386/libverify.so
b77d3000-b77d4000 ---p 0000b000 08:08 1585601    /usr/lib/jvm/java-6-openjdk-i386/jre/lib/i386/libverify.so
b77d4000-b77d5000 r--p 0000b000 08:08 1585601    /usr/lib/jvm/java-6-openjdk-i386/jre/lib/i386/libverify.so
b77d5000-b77d6000 rw-p 0000c000 08:08 1585601    /usr/lib/jvm/java-6-openjdk-i386/jre/lib/i386/libverify.so
b77d6000-b77d8000 rw-p 00000000 00:00 0 
b77d8000-b77f8000 r-xp 00000000 08:08 1321692    /lib/i386-linux-gnu/ld-2.15.so
b77f8000-b77f9000 r--p 0001f000 08:08 1321692    /lib/i386-linux-gnu/ld-2.15.so
b77f9000-b77fa000 rw-p 00020000 08:08 1321692    /lib/i386-linux-gnu/ld-2.15.so
bfbf7000-bfc18000 rw-p 00000000 00:00 0          [stack]

VM Arguments:
jvm_args: -Dfile.encoding=UTF-8 -Xbootclasspath:/usr/share/adt-bundle/sdk/platforms/android-19/android.jar 
java_command: com.yimi.protocol.Protocol
Launcher Type: SUN_STANDARD

Environment Variables:
PATH=/usr/lib/lightdm/lightdm:/usr/local/sbin:/usr/local/bin:/usr/sbin:/usr/bin:/sbin:/bin:/usr/games
LD_LIBRARY_PATH=/usr/lib/jvm/java-6-openjdk-i386/jre/lib/i386/server:/usr/lib/jvm/java-6-openjdk-i386/jre/lib/i386:/usr/lib/jvm/java-6-openjdk-i386/jre/../lib/i386:/usr/lib/jvm/java-6-openjdk-i386/jre/lib/i386/client:/usr/lib/jvm/java-6-openjdk-i386/jre/lib/i386:
SHELL=/bin/bash
DISPLAY=:0

Signal Handlers:
SIGSEGV: [libjvm.so+0x66e740], sa_mask[0]=0x7ffbfeff, sa_flags=0x10000004
SIGBUS: [libjvm.so+0x66e740], sa_mask[0]=0x7ffbfeff, sa_flags=0x10000004
SIGFPE: [libjvm.so+0x530480], sa_mask[0]=0x7ffbfeff, sa_flags=0x10000004
SIGPIPE: [libjvm.so+0x530480], sa_mask[0]=0x7ffbfeff, sa_flags=0x10000004
SIGXFSZ: [libjvm.so+0x530480], sa_mask[0]=0x7ffbfeff, sa_flags=0x10000004
SIGILL: [libjvm.so+0x530480], sa_mask[0]=0x7ffbfeff, sa_flags=0x10000004
SIGUSR1: SIG_DFL, sa_mask[0]=0x00000000, sa_flags=0x00000000
SIGUSR2: [libjvm.so+0x530310], sa_mask[0]=0x00000004, sa_flags=0x10000004
SIGHUP: SIG_DFL, sa_mask[0]=0x00000000, sa_flags=0x00000000
SIGINT: SIG_DFL, sa_mask[0]=0x00000000, sa_flags=0x00000000
SIGTERM: SIG_DFL, sa_mask[0]=0x00000000, sa_flags=0x00000000
SIGQUIT: SIG_DFL, sa_mask[0]=0x00000000, sa_flags=0x00000000


---------------  S Y S T E M  ---------------

OS:"elementary OS" 0.2 (luna)
uname:Linux 3.2.0-58-generic-pae #88-Ubuntu SMP Tue Dec 3 18:00:02 UTC 2013 i686
libc:glibc 2.15 NPTL 2.15 
rlimit: STACK 8192k, CORE 0k, NPROC 15764, NOFILE 4096, AS infinity
load average:0.60 0.45 0.42

/proc/meminfo:
MemTotal:        2037316 kB
MemFree:          332520 kB
Buffers:           25248 kB
Cached:           538140 kB
SwapCached:         3288 kB
Active:           731988 kB
Inactive:         764764 kB
Active(anon):     498024 kB
Inactive(anon):   439332 kB
Active(file):     233964 kB
Inactive(file):   325432 kB
Unevictable:          48 kB
Mlocked:              48 kB
HighTotal:       1161768 kB
HighFree:          72340 kB
LowTotal:         875548 kB
LowFree:          260180 kB
SwapTotal:       2070524 kB
SwapFree:        2008048 kB
Dirty:               136 kB
Writeback:             0 kB
AnonPages:        931284 kB
Mapped:           190696 kB
Shmem:              3736 kB
Slab:              49960 kB
SReclaimable:      24920 kB
SUnreclaim:        25040 kB
KernelStack:        4080 kB
PageTables:        13376 kB
NFS_Unstable:          0 kB
Bounce:                0 kB
WritebackTmp:          0 kB
CommitLimit:     3089180 kB
Committed_AS:    3919928 kB
VmallocTotal:     122880 kB
VmallocUsed:       26880 kB
VmallocChunk:      95484 kB
HardwareCorrupted:     0 kB
AnonHugePages:         0 kB
HugePages_Total:       0
HugePages_Free:        0
HugePages_Rsvd:        0
HugePages_Surp:        0
Hugepagesize:       2048 kB
DirectMap4k:        8184 kB
DirectMap2M:      905216 kB


CPU:total 4 (2 cores per cpu, 2 threads per core) family 6 model 42 stepping 7, cmov, cx8, fxsr, mmx, sse, sse2, sse3, ssse3, sse4.1, sse4.2, popcnt, ht

Memory: 4k page, physical 2037316k(332520k free), swap 2070524k(2008048k free)

vm_info: OpenJDK Server VM (20.0-b12) for linux-x86 JRE (1.6.0_27-b27), built on Nov 16 2013 15:21:31 by "buildd" with gcc 4.6.3

time: Wed Jan  1 17:36:01 2014
elapsed time: 0 seconds

