#
# A fatal error has been detected by the Java Runtime Environment:
#
#  Internal Error (classFileParser.cpp:3494), pid=7632, tid=3061353280
#  Error: ShouldNotReachHere()
#
# JRE version: 6.0_27-b27
# Java VM: OpenJDK Server VM (20.0-b12 mixed mode linux-x86 )
# Derivative: IcedTea6 1.12.6
# Distribution: Ubuntu 12.04 LTS, package 6b27-1.12.6-1ubuntu0.12.04.4
# If you would like to submit a bug report, please include
# instructions how to reproduce the bug and visit:
#   https://bugs.launchpad.net/ubuntu/+source/openjdk-6/
#

---------------  T H R E A D  ---------------

Current thread (0xb6605400):  JavaThread "Unknown thread" [_thread_in_vm, id=7637, stack(0xb6738000,0xb6789000)]

Stack: [0xb6738000,0xb6789000]
[error occurred during error reporting (printing stack bounds), id 0xb]


[error occurred during error reporting (printing native stack), id 0xb]


---------------  P R O C E S S  ---------------

Java Threads: ( => current thread )

Other Threads:

=>0xb6605400 (exited) JavaThread "Unknown thread" [_thread_in_vm, id=7637, stack(0xb6738000,0xb6789000)]

VM state:not at safepoint (not fully initialized)

VM Mutex/Monitor currently owned by a thread: None

Dynamic libraries:
08048000-08051000 r-xp 00000000 08:08 1579816    /usr/lib/jvm/java-6-openjdk-i386/jre/bin/java
08051000-08052000 r--p 00008000 08:08 1579816    /usr/lib/jvm/java-6-openjdk-i386/jre/bin/java
08052000-08053000 rw-p 00009000 08:08 1579816    /usr/lib/jvm/java-6-openjdk-i386/jre/bin/java
095e1000-09602000 rw-p 00000000 00:00 0          [heap]
8aa29000-8ab00000 r--s 013f2000 08:08 524737     /usr/share/adt-bundle/sdk/platforms/android-19/android.jar
8ab00000-8ab21000 rw-p 00000000 00:00 0 
8ab21000-8ac00000 ---p 00000000 00:00 0 
8ac7f000-8ac80000 ---p 00000000 00:00 0 
8ac80000-8ad00000 rw-p 00000000 00:00 0 
8ad00000-8ad21000 rw-p 00000000 00:00 0 
8ad21000-8ae00000 ---p 00000000 00:00 0 
8ae7f000-8ae80000 ---p 00000000 00:00 0 
8ae80000-8af00000 rw-p 00000000 00:00 0 
8af00000-8af21000 rw-p 00000000 00:00 0 
8af21000-8b000000 ---p 00000000 00:00 0 
8b07f000-8b080000 ---p 00000000 00:00 0 
8b080000-8b100000 rw-p 00000000 00:00 0 
8b100000-8b121000 rw-p 00000000 00:00 0 
8b121000-8b200000 ---p 00000000 00:00 0 
8b233000-8b234000 ---p 00000000 00:00 0 
8b234000-8b2bc000 rw-p 00000000 00:00 0 
8b2bc000-8b2f4000 rw-p 00000000 00:00 0 
8b2f4000-8b2ff000 rw-p 00000000 00:00 0 
8b2ff000-8b39f000 rw-p 00000000 00:00 0 
8b39f000-8b3a7000 rw-p 00000000 00:00 0 
8b3a7000-8b3df000 rw-p 00000000 00:00 0 
8b3df000-8b3ea000 rw-p 00000000 00:00 0 
8b3ea000-8b489000 rw-p 00000000 00:00 0 
8b489000-8b48f000 rw-p 00000000 00:00 0 
8b48f000-8b4df000 rw-p 00000000 00:00 0 
8b4df000-8c4e0000 rw-p 00000000 00:00 0 
8c4e0000-934e0000 rw-p 00000000 00:00 0 
934e0000-949a0000 rw-p 00000000 00:00 0 
949a0000-a8a40000 rw-p 00000000 00:00 0 
a8a40000-a94a0000 rw-p 00000000 00:00 0 
a94a0000-b34e0000 rw-p 00000000 00:00 0 
b34ee000-b34f7000 rw-p 00000000 00:00 0 
b34f7000-b35ae000 rw-p 00000000 00:00 0 
b35ae000-b37ee000 rwxp 00000000 00:00 0 
b37ee000-b65ae000 rw-p 00000000 00:00 0 
b65ae000-b65b9000 r-xp 00000000 08:08 1321699    /lib/i386-linux-gnu/libnss_files-2.15.so
b65b9000-b65ba000 r--p 0000a000 08:08 1321699    /lib/i386-linux-gnu/libnss_files-2.15.so
b65ba000-b65bb000 rw-p 0000b000 08:08 1321699    /lib/i386-linux-gnu/libnss_files-2.15.so
b65bb000-b65c5000 r-xp 00000000 08:08 1321698    /lib/i386-linux-gnu/libnss_nis-2.15.so
b65c5000-b65c6000 r--p 00009000 08:08 1321698    /lib/i386-linux-gnu/libnss_nis-2.15.so
b65c6000-b65c7000 rw-p 0000a000 08:08 1321698    /lib/i386-linux-gnu/libnss_nis-2.15.so
b65c7000-b65dd000 r-xp 00000000 08:08 1318783    /lib/i386-linux-gnu/libnsl-2.15.so
b65dd000-b65de000 r--p 00015000 08:08 1318783    /lib/i386-linux-gnu/libnsl-2.15.so
b65de000-b65df000 rw-p 00016000 08:08 1318783    /lib/i386-linux-gnu/libnsl-2.15.so
b65df000-b65e1000 rw-p 00000000 00:00 0 
b65e1000-b65e8000 r-xp 00000000 08:08 1321700    /lib/i386-linux-gnu/libnss_compat-2.15.so
b65e8000-b65e9000 r--p 00006000 08:08 1321700    /lib/i386-linux-gnu/libnss_compat-2.15.so
b65e9000-b65ea000 rw-p 00007000 08:08 1321700    /lib/i386-linux-gnu/libnss_compat-2.15.so
b65ef000-b65f6000 r-xp 00000000 08:08 1585586    /usr/lib/jvm/java-6-openjdk-i386/jre/lib/i386/libzip.so
b65f6000-b65f7000 r--p 00006000 08:08 1585586    /usr/lib/jvm/java-6-openjdk-i386/jre/lib/i386/libzip.so
b65f7000-b65f8000 rw-p 00007000 08:08 1585586    /usr/lib/jvm/java-6-openjdk-i386/jre/lib/i386/libzip.so
b65f8000-b6600000 rw-s 00000000 08:08 2166       /tmp/hsperfdata_snail/7632
b6600000-b6667000 rw-p 00000000 00:00 0 
b6667000-b6700000 ---p 00000000 00:00 0 
b6706000-b672c000 r-xp 00000000 08:08 1585576    /usr/lib/jvm/java-6-openjdk-i386/jre/lib/i386/libjava.so
b672c000-b672d000 r--p 00025000 08:08 1585576    /usr/lib/jvm/java-6-openjdk-i386/jre/lib/i386/libjava.so
b672d000-b672f000 rw-p 00026000 08:08 1585576    /usr/lib/jvm/java-6-openjdk-i386/jre/lib/i386/libjava.so
b672f000-b6736000 r-xp 00000000 08:08 1321693    /lib/i386-linux-gnu/librt-2.15.so
b6736000-b6737000 r--p 00006000 08:08 1321693    /lib/i386-linux-gnu/librt-2.15.so
b6737000-b6738000 rw-p 00007000 08:08 1321693    /lib/i386-linux-gnu/librt-2.15.so
b6738000-b673b000 ---p 00000000 00:00 0 
b673b000-b6789000 rw-p 00000000 00:00 0 
b6789000-b67a5000 r-xp 00000000 08:08 1311678    /lib/i386-linux-gnu/libgcc_s.so.1
b67a5000-b67a6000 r--p 0001b000 08:08 1311678    /lib/i386-linux-gnu/libgcc_s.so.1
b67a6000-b67a7000 rw-p 0001c000 08:08 1311678    /lib/i386-linux-gnu/libgcc_s.so.1
b67a7000-b67d1000 r-xp 00000000 08:08 1321697    /lib/i386-linux-gnu/libm-2.15.so
b67d1000-b67d2000 r--p 00029000 08:08 1321697    /lib/i386-linux-gnu/libm-2.15.so
b67d2000-b67d3000 rw-p 0002a000 08:08 1321697    /lib/i386-linux-gnu/libm-2.15.so
b67d3000-b68ab000 r-xp 00000000 08:08 1053134    /usr/lib/i386-linux-gnu/libstdc++.so.6.0.16
b68ab000-b68ac000 ---p 000d8000 08:08 1053134    /usr/lib/i386-linux-gnu/libstdc++.so.6.0.16
b68ac000-b68b0000 r--p 000d8000 08:08 1053134    /usr/lib/i386-linux-gnu/libstdc++.so.6.0.16
b68b0000-b68b1000 rw-p 000dc000 08:08 1053134    /usr/lib/i386-linux-gnu/libstdc++.so.6.0.16
b68b1000-b68b8000 rw-p 00000000 00:00 0 
b68b8000-b70d8000 r-xp 00000000 08:08 1585569    /usr/lib/jvm/java-6-openjdk-i386/jre/lib/i386/server/libjvm.so
b70d8000-b711d000 r--p 0081f000 08:08 1585569    /usr/lib/jvm/java-6-openjdk-i386/jre/lib/i386/server/libjvm.so
b711d000-b712c000 rw-p 00864000 08:08 1585569    /usr/lib/jvm/java-6-openjdk-i386/jre/lib/i386/server/libjvm.so
b712c000-b7548000 rw-p 00000000 00:00 0 
b7548000-b755c000 r-xp 00000000 08:08 1311768    /lib/i386-linux-gnu/libz.so.1.2.3.4
b755c000-b755d000 r--p 00013000 08:08 1311768    /lib/i386-linux-gnu/libz.so.1.2.3.4
b755d000-b755e000 rw-p 00014000 08:08 1311768    /lib/i386-linux-gnu/libz.so.1.2.3.4
b755e000-b7702000 r-xp 00000000 08:08 1321702    /lib/i386-linux-gnu/libc-2.15.so
b7702000-b7704000 r--p 001a4000 08:08 1321702    /lib/i386-linux-gnu/libc-2.15.so
b7704000-b7705000 rw-p 001a6000 08:08 1321702    /lib/i386-linux-gnu/libc-2.15.so
b7705000-b7708000 rw-p 00000000 00:00 0 
b7708000-b770b000 r-xp 00000000 08:08 1321701    /lib/i386-linux-gnu/libdl-2.15.so
b770b000-b770c000 r--p 00002000 08:08 1321701    /lib/i386-linux-gnu/libdl-2.15.so
b770c000-b770d000 rw-p 00003000 08:08 1321701    /lib/i386-linux-gnu/libdl-2.15.so
b770d000-b7711000 r-xp 00000000 08:08 1585585    /usr/lib/jvm/java-6-openjdk-i386/jre/lib/i386/jli/libjli.so
b7711000-b7712000 r--p 00003000 08:08 1585585    /usr/lib/jvm/java-6-openjdk-i386/jre/lib/i386/jli/libjli.so
b7712000-b7713000 rw-p 00004000 08:08 1585585    /usr/lib/jvm/java-6-openjdk-i386/jre/lib/i386/jli/libjli.so
b7713000-b7714000 rw-p 00000000 00:00 0 
b7714000-b772b000 r-xp 00000000 08:08 1321691    /lib/i386-linux-gnu/libpthread-2.15.so
b772b000-b772c000 r--p 00016000 08:08 1321691    /lib/i386-linux-gnu/libpthread-2.15.so
b772c000-b772d000 rw-p 00017000 08:08 1321691    /lib/i386-linux-gnu/libpthread-2.15.so
b772d000-b772f000 rw-p 00000000 00:00 0 
b7735000-b7736000 rw-p 00000000 00:00 0 
b7736000-b7737000 r--p 00000000 00:00 0 
b7737000-b7742000 r-xp 00000000 08:08 1585601    /usr/lib/jvm/java-6-openjdk-i386/jre/lib/i386/libverify.so
b7742000-b7743000 ---p 0000b000 08:08 1585601    /usr/lib/jvm/java-6-openjdk-i386/jre/lib/i386/libverify.so
b7743000-b7744000 r--p 0000b000 08:08 1585601    /usr/lib/jvm/java-6-openjdk-i386/jre/lib/i386/libverify.so
b7744000-b7745000 rw-p 0000c000 08:08 1585601    /usr/lib/jvm/java-6-openjdk-i386/jre/lib/i386/libverify.so
b7745000-b7747000 rw-p 00000000 00:00 0 
b7747000-b7767000 r-xp 00000000 08:08 1321692    /lib/i386-linux-gnu/ld-2.15.so
b7767000-b7768000 r--p 0001f000 08:08 1321692    /lib/i386-linux-gnu/ld-2.15.so
b7768000-b7769000 rw-p 00020000 08:08 1321692    /lib/i386-linux-gnu/ld-2.15.so
bf813000-bf834000 rw-p 00000000 00:00 0          [stack]

VM Arguments:
jvm_args: -Dfile.encoding=UTF-8 -Xbootclasspath:/usr/share/adt-bundle/sdk/platforms/android-19/android.jar 
java_command: com.yimi.protocol.Protocol
Launcher Type: SUN_STANDARD

Environment Variables:
PATH=/usr/lib/lightdm/lightdm:/usr/local/sbin:/usr/local/bin:/usr/sbin:/usr/bin:/sbin:/bin:/usr/games
LD_LIBRARY_PATH=/usr/lib/jvm/java-6-openjdk-i386/jre/lib/i386/server:/usr/lib/jvm/java-6-openjdk-i386/jre/lib/i386:/usr/lib/jvm/java-6-openjdk-i386/jre/../lib/i386:/usr/lib/jvm/java-6-openjdk-i386/jre/lib/i386/client:/usr/lib/jvm/java-6-openjdk-i386/jre/lib/i386:
SHELL=/bin/bash
DISPLAY=:0

Signal Handlers:
SIGSEGV: [libjvm.so+0x66e740], sa_mask[0]=0x7ffbfeff, sa_flags=0x10000004
SIGBUS: [libjvm.so+0x66e740], sa_mask[0]=0x7ffbfeff, sa_flags=0x10000004
SIGFPE: [libjvm.so+0x530480], sa_mask[0]=0x7ffbfeff, sa_flags=0x10000004
SIGPIPE: [libjvm.so+0x530480], sa_mask[0]=0x7ffbfeff, sa_flags=0x10000004
SIGXFSZ: [libjvm.so+0x530480], sa_mask[0]=0x7ffbfeff, sa_flags=0x10000004
SIGILL: [libjvm.so+0x530480], sa_mask[0]=0x7ffbfeff, sa_flags=0x10000004
SIGUSR1: SIG_DFL, sa_mask[0]=0x00000000, sa_flags=0x00000000
SIGUSR2: [libjvm.so+0x530310], sa_mask[0]=0x00000004, sa_flags=0x10000004
SIGHUP: SIG_DFL, sa_mask[0]=0x00000000, sa_flags=0x00000000
SIGINT: SIG_DFL, sa_mask[0]=0x00000000, sa_flags=0x00000000
SIGTERM: SIG_DFL, sa_mask[0]=0x00000000, sa_flags=0x00000000
SIGQUIT: SIG_DFL, sa_mask[0]=0x00000000, sa_flags=0x00000000


---------------  S Y S T E M  ---------------

OS:"elementary OS" 0.2 (luna)
uname:Linux 3.2.0-58-generic-pae #88-Ubuntu SMP Tue Dec 3 18:00:02 UTC 2013 i686
libc:glibc 2.15 NPTL 2.15 
rlimit: STACK 8192k, CORE 0k, NPROC 15764, NOFILE 4096, AS infinity
load average:0.54 0.57 0.59

/proc/meminfo:
MemTotal:        2037316 kB
MemFree:          294852 kB
Buffers:           25024 kB
Cached:           599216 kB
SwapCached:         4408 kB
Active:           743844 kB
Inactive:         781504 kB
Active(anon):     454900 kB
Inactive(anon):   449872 kB
Active(file):     288944 kB
Inactive(file):   331632 kB
Unevictable:          48 kB
Mlocked:              48 kB
HighTotal:       1161768 kB
HighFree:          53256 kB
LowTotal:         875548 kB
LowFree:          241596 kB
SwapTotal:       2070524 kB
SwapFree:        2005128 kB
Dirty:               296 kB
Writeback:             0 kB
AnonPages:        897992 kB
Mapped:           192544 kB
Shmem:              3664 kB
Slab:              52996 kB
SReclaimable:      26992 kB
SUnreclaim:        26004 kB
KernelStack:        3912 kB
PageTables:        14060 kB
NFS_Unstable:          0 kB
Bounce:                0 kB
WritebackTmp:          0 kB
CommitLimit:     3089180 kB
Committed_AS:    3904456 kB
VmallocTotal:     122880 kB
VmallocUsed:       26880 kB
VmallocChunk:      95484 kB
HardwareCorrupted:     0 kB
AnonHugePages:         0 kB
HugePages_Total:       0
HugePages_Free:        0
HugePages_Rsvd:        0
HugePages_Surp:        0
Hugepagesize:       2048 kB
DirectMap4k:        8184 kB
DirectMap2M:      905216 kB


CPU:total 4 (2 cores per cpu, 2 threads per core) family 6 model 42 stepping 7, cmov, cx8, fxsr, mmx, sse, sse2, sse3, ssse3, sse4.1, sse4.2, popcnt, ht

Memory: 4k page, physical 2037316k(294852k free), swap 2070524k(2005128k free)

vm_info: OpenJDK Server VM (20.0-b12) for linux-x86 JRE (1.6.0_27-b27), built on Nov 16 2013 15:21:31 by "buildd" with gcc 4.6.3

time: Wed Jan  1 18:19:54 2014
elapsed time: 0 seconds

