#
# A fatal error has been detected by the Java Runtime Environment:
#
#  Internal Error (classFileParser.cpp:3494), pid=27009, tid=3061287744
#  Error: ShouldNotReachHere()
#
# JRE version: 6.0_27-b27
# Java VM: OpenJDK Server VM (20.0-b12 mixed mode linux-x86 )
# Derivative: IcedTea6 1.12.6
# Distribution: Ubuntu 12.04 LTS, package 6b27-1.12.6-1ubuntu0.12.04.4
# If you would like to submit a bug report, please include
# instructions how to reproduce the bug and visit:
#   https://bugs.launchpad.net/ubuntu/+source/openjdk-6/
#

---------------  T H R E A D  ---------------

Current thread (0xb6605400):  JavaThread "Unknown thread" [_thread_in_vm, id=27014, stack(0xb6728000,0xb6779000)]

Stack: [0xb6728000,0xb6779000]
[error occurred during error reporting (printing stack bounds), id 0xb]


[error occurred during error reporting (printing native stack), id 0xb]


---------------  P R O C E S S  ---------------

Java Threads: ( => current thread )

Other Threads:

=>0xb6605400 (exited) JavaThread "Unknown thread" [_thread_in_vm, id=27014, stack(0xb6728000,0xb6779000)]

VM state:not at safepoint (not fully initialized)

VM Mutex/Monitor currently owned by a thread: None

Dynamic libraries:
08048000-08051000 r-xp 00000000 08:08 1579816    /usr/lib/jvm/java-6-openjdk-i386/jre/bin/java
08051000-08052000 r--p 00008000 08:08 1579816    /usr/lib/jvm/java-6-openjdk-i386/jre/bin/java
08052000-08053000 rw-p 00009000 08:08 1579816    /usr/lib/jvm/java-6-openjdk-i386/jre/bin/java
08a55000-08a76000 rw-p 00000000 00:00 0          [heap]
8aa29000-8ab00000 r--s 013f2000 08:08 524737     /usr/share/adt-bundle/sdk/platforms/android-19/android.jar
8ab00000-8ab21000 rw-p 00000000 00:00 0 
8ab21000-8ac00000 ---p 00000000 00:00 0 
8ac7f000-8ac80000 ---p 00000000 00:00 0 
8ac80000-8ad00000 rw-p 00000000 00:00 0 
8ad00000-8ad21000 rw-p 00000000 00:00 0 
8ad21000-8ae00000 ---p 00000000 00:00 0 
8ae7f000-8ae80000 ---p 00000000 00:00 0 
8ae80000-8af00000 rw-p 00000000 00:00 0 
8af00000-8af21000 rw-p 00000000 00:00 0 
8af21000-8b000000 ---p 00000000 00:00 0 
8b07f000-8b080000 ---p 00000000 00:00 0 
8b080000-8b100000 rw-p 00000000 00:00 0 
8b100000-8b121000 rw-p 00000000 00:00 0 
8b121000-8b200000 ---p 00000000 00:00 0 
8b233000-8b234000 ---p 00000000 00:00 0 
8b234000-8b2bc000 rw-p 00000000 00:00 0 
8b2bc000-8b2f4000 rw-p 00000000 00:00 0 
8b2f4000-8b2ff000 rw-p 00000000 00:00 0 
8b2ff000-8b39f000 rw-p 00000000 00:00 0 
8b39f000-8b3a7000 rw-p 00000000 00:00 0 
8b3a7000-8b3df000 rw-p 00000000 00:00 0 
8b3df000-8b3ea000 rw-p 00000000 00:00 0 
8b3ea000-8b489000 rw-p 00000000 00:00 0 
8b489000-8b48f000 rw-p 00000000 00:00 0 
8b48f000-8b4df000 rw-p 00000000 00:00 0 
8b4df000-8c4e0000 rw-p 00000000 00:00 0 
8c4e0000-934e0000 rw-p 00000000 00:00 0 
934e0000-949a0000 rw-p 00000000 00:00 0 
949a0000-a8a40000 rw-p 00000000 00:00 0 
a8a40000-a94a0000 rw-p 00000000 00:00 0 
a94a0000-b34e0000 rw-p 00000000 00:00 0 
b34e4000-b34ed000 rw-p 00000000 00:00 0 
b34ed000-b35a4000 rw-p 00000000 00:00 0 
b35a4000-b37e4000 rwxp 00000000 00:00 0 
b37e4000-b65a4000 rw-p 00000000 00:00 0 
b65a4000-b65af000 r-xp 00000000 08:08 1321699    /lib/i386-linux-gnu/libnss_files-2.15.so
b65af000-b65b0000 r--p 0000a000 08:08 1321699    /lib/i386-linux-gnu/libnss_files-2.15.so
b65b0000-b65b1000 rw-p 0000b000 08:08 1321699    /lib/i386-linux-gnu/libnss_files-2.15.so
b65b1000-b65bb000 r-xp 00000000 08:08 1321698    /lib/i386-linux-gnu/libnss_nis-2.15.so
b65bb000-b65bc000 r--p 00009000 08:08 1321698    /lib/i386-linux-gnu/libnss_nis-2.15.so
b65bc000-b65bd000 rw-p 0000a000 08:08 1321698    /lib/i386-linux-gnu/libnss_nis-2.15.so
b65bd000-b65d3000 r-xp 00000000 08:08 1318783    /lib/i386-linux-gnu/libnsl-2.15.so
b65d3000-b65d4000 r--p 00015000 08:08 1318783    /lib/i386-linux-gnu/libnsl-2.15.so
b65d4000-b65d5000 rw-p 00016000 08:08 1318783    /lib/i386-linux-gnu/libnsl-2.15.so
b65d5000-b65d7000 rw-p 00000000 00:00 0 
b65d7000-b65fd000 r-xp 00000000 08:08 1585576    /usr/lib/jvm/java-6-openjdk-i386/jre/lib/i386/libjava.so
b65fd000-b65fe000 r--p 00025000 08:08 1585576    /usr/lib/jvm/java-6-openjdk-i386/jre/lib/i386/libjava.so
b65fe000-b6600000 rw-p 00026000 08:08 1585576    /usr/lib/jvm/java-6-openjdk-i386/jre/lib/i386/libjava.so
b6600000-b6667000 rw-p 00000000 00:00 0 
b6667000-b6700000 ---p 00000000 00:00 0 
b6700000-b6707000 r-xp 00000000 08:08 1321700    /lib/i386-linux-gnu/libnss_compat-2.15.so
b6707000-b6708000 r--p 00006000 08:08 1321700    /lib/i386-linux-gnu/libnss_compat-2.15.so
b6708000-b6709000 rw-p 00007000 08:08 1321700    /lib/i386-linux-gnu/libnss_compat-2.15.so
b670e000-b6715000 r-xp 00000000 08:08 1585586    /usr/lib/jvm/java-6-openjdk-i386/jre/lib/i386/libzip.so
b6715000-b6716000 r--p 00006000 08:08 1585586    /usr/lib/jvm/java-6-openjdk-i386/jre/lib/i386/libzip.so
b6716000-b6717000 rw-p 00007000 08:08 1585586    /usr/lib/jvm/java-6-openjdk-i386/jre/lib/i386/libzip.so
b6717000-b671f000 rw-s 00000000 08:08 2146       /tmp/hsperfdata_snail/27009
b671f000-b6726000 r-xp 00000000 08:08 1321693    /lib/i386-linux-gnu/librt-2.15.so
b6726000-b6727000 r--p 00006000 08:08 1321693    /lib/i386-linux-gnu/librt-2.15.so
b6727000-b6728000 rw-p 00007000 08:08 1321693    /lib/i386-linux-gnu/librt-2.15.so
b6728000-b672b000 ---p 00000000 00:00 0 
b672b000-b6779000 rw-p 00000000 00:00 0 
b6779000-b6795000 r-xp 00000000 08:08 1311678    /lib/i386-linux-gnu/libgcc_s.so.1
b6795000-b6796000 r--p 0001b000 08:08 1311678    /lib/i386-linux-gnu/libgcc_s.so.1
b6796000-b6797000 rw-p 0001c000 08:08 1311678    /lib/i386-linux-gnu/libgcc_s.so.1
b6797000-b67c1000 r-xp 00000000 08:08 1321697    /lib/i386-linux-gnu/libm-2.15.so
b67c1000-b67c2000 r--p 00029000 08:08 1321697    /lib/i386-linux-gnu/libm-2.15.so
b67c2000-b67c3000 rw-p 0002a000 08:08 1321697    /lib/i386-linux-gnu/libm-2.15.so
b67c3000-b689b000 r-xp 00000000 08:08 1053134    /usr/lib/i386-linux-gnu/libstdc++.so.6.0.16
b689b000-b689c000 ---p 000d8000 08:08 1053134    /usr/lib/i386-linux-gnu/libstdc++.so.6.0.16
b689c000-b68a0000 r--p 000d8000 08:08 1053134    /usr/lib/i386-linux-gnu/libstdc++.so.6.0.16
b68a0000-b68a1000 rw-p 000dc000 08:08 1053134    /usr/lib/i386-linux-gnu/libstdc++.so.6.0.16
b68a1000-b68a8000 rw-p 00000000 00:00 0 
b68a8000-b70c8000 r-xp 00000000 08:08 1585569    /usr/lib/jvm/java-6-openjdk-i386/jre/lib/i386/server/libjvm.so
b70c8000-b710d000 r--p 0081f000 08:08 1585569    /usr/lib/jvm/java-6-openjdk-i386/jre/lib/i386/server/libjvm.so
b710d000-b711c000 rw-p 00864000 08:08 1585569    /usr/lib/jvm/java-6-openjdk-i386/jre/lib/i386/server/libjvm.so
b711c000-b7538000 rw-p 00000000 00:00 0 
b7538000-b754c000 r-xp 00000000 08:08 1311768    /lib/i386-linux-gnu/libz.so.1.2.3.4
b754c000-b754d000 r--p 00013000 08:08 1311768    /lib/i386-linux-gnu/libz.so.1.2.3.4
b754d000-b754e000 rw-p 00014000 08:08 1311768    /lib/i386-linux-gnu/libz.so.1.2.3.4
b754e000-b76f2000 r-xp 00000000 08:08 1321702    /lib/i386-linux-gnu/libc-2.15.so
b76f2000-b76f4000 r--p 001a4000 08:08 1321702    /lib/i386-linux-gnu/libc-2.15.so
b76f4000-b76f5000 rw-p 001a6000 08:08 1321702    /lib/i386-linux-gnu/libc-2.15.so
b76f5000-b76f8000 rw-p 00000000 00:00 0 
b76f8000-b76fb000 r-xp 00000000 08:08 1321701    /lib/i386-linux-gnu/libdl-2.15.so
b76fb000-b76fc000 r--p 00002000 08:08 1321701    /lib/i386-linux-gnu/libdl-2.15.so
b76fc000-b76fd000 rw-p 00003000 08:08 1321701    /lib/i386-linux-gnu/libdl-2.15.so
b76fd000-b7701000 r-xp 00000000 08:08 1585585    /usr/lib/jvm/java-6-openjdk-i386/jre/lib/i386/jli/libjli.so
b7701000-b7702000 r--p 00003000 08:08 1585585    /usr/lib/jvm/java-6-openjdk-i386/jre/lib/i386/jli/libjli.so
b7702000-b7703000 rw-p 00004000 08:08 1585585    /usr/lib/jvm/java-6-openjdk-i386/jre/lib/i386/jli/libjli.so
b7703000-b7704000 rw-p 00000000 00:00 0 
b7704000-b771b000 r-xp 00000000 08:08 1321691    /lib/i386-linux-gnu/libpthread-2.15.so
b771b000-b771c000 r--p 00016000 08:08 1321691    /lib/i386-linux-gnu/libpthread-2.15.so
b771c000-b771d000 rw-p 00017000 08:08 1321691    /lib/i386-linux-gnu/libpthread-2.15.so
b771d000-b771f000 rw-p 00000000 00:00 0 
b7725000-b7726000 rw-p 00000000 00:00 0 
b7726000-b7727000 r--p 00000000 00:00 0 
b7727000-b7732000 r-xp 00000000 08:08 1585601    /usr/lib/jvm/java-6-openjdk-i386/jre/lib/i386/libverify.so
b7732000-b7733000 ---p 0000b000 08:08 1585601    /usr/lib/jvm/java-6-openjdk-i386/jre/lib/i386/libverify.so
b7733000-b7734000 r--p 0000b000 08:08 1585601    /usr/lib/jvm/java-6-openjdk-i386/jre/lib/i386/libverify.so
b7734000-b7735000 rw-p 0000c000 08:08 1585601    /usr/lib/jvm/java-6-openjdk-i386/jre/lib/i386/libverify.so
b7735000-b7737000 rw-p 00000000 00:00 0 
b7737000-b7757000 r-xp 00000000 08:08 1321692    /lib/i386-linux-gnu/ld-2.15.so
b7757000-b7758000 r--p 0001f000 08:08 1321692    /lib/i386-linux-gnu/ld-2.15.so
b7758000-b7759000 rw-p 00020000 08:08 1321692    /lib/i386-linux-gnu/ld-2.15.so
bfacf000-bfaf0000 rw-p 00000000 00:00 0          [stack]

VM Arguments:
jvm_args: -Dfile.encoding=UTF-8 -Xbootclasspath:/usr/share/adt-bundle/sdk/platforms/android-19/android.jar 
java_command: com.yimi.protocol.Protocol
Launcher Type: SUN_STANDARD

Environment Variables:
PATH=/usr/lib/lightdm/lightdm:/usr/local/sbin:/usr/local/bin:/usr/sbin:/usr/bin:/sbin:/bin:/usr/games
LD_LIBRARY_PATH=/usr/lib/jvm/java-6-openjdk-i386/jre/lib/i386/server:/usr/lib/jvm/java-6-openjdk-i386/jre/lib/i386:/usr/lib/jvm/java-6-openjdk-i386/jre/../lib/i386:/usr/lib/jvm/java-6-openjdk-i386/jre/lib/i386/client:/usr/lib/jvm/java-6-openjdk-i386/jre/lib/i386:
SHELL=/bin/bash
DISPLAY=:0

Signal Handlers:
SIGSEGV: [libjvm.so+0x66e740], sa_mask[0]=0x7ffbfeff, sa_flags=0x10000004
SIGBUS: [libjvm.so+0x66e740], sa_mask[0]=0x7ffbfeff, sa_flags=0x10000004
SIGFPE: [libjvm.so+0x530480], sa_mask[0]=0x7ffbfeff, sa_flags=0x10000004
SIGPIPE: [libjvm.so+0x530480], sa_mask[0]=0x7ffbfeff, sa_flags=0x10000004
SIGXFSZ: [libjvm.so+0x530480], sa_mask[0]=0x7ffbfeff, sa_flags=0x10000004
SIGILL: [libjvm.so+0x530480], sa_mask[0]=0x7ffbfeff, sa_flags=0x10000004
SIGUSR1: SIG_DFL, sa_mask[0]=0x00000000, sa_flags=0x00000000
SIGUSR2: [libjvm.so+0x530310], sa_mask[0]=0x00000004, sa_flags=0x10000004
SIGHUP: SIG_DFL, sa_mask[0]=0x00000000, sa_flags=0x00000000
SIGINT: SIG_DFL, sa_mask[0]=0x00000000, sa_flags=0x00000000
SIGTERM: SIG_DFL, sa_mask[0]=0x00000000, sa_flags=0x00000000
SIGQUIT: SIG_DFL, sa_mask[0]=0x00000000, sa_flags=0x00000000


---------------  S Y S T E M  ---------------

OS:"elementary OS" 0.2 (luna)
uname:Linux 3.2.0-58-generic-pae #88-Ubuntu SMP Tue Dec 3 18:00:02 UTC 2013 i686
libc:glibc 2.15 NPTL 2.15 
rlimit: STACK 8192k, CORE 0k, NPROC 15764, NOFILE 4096, AS infinity
load average:0.63 0.46 0.43

/proc/meminfo:
MemTotal:        2037316 kB
MemFree:          332344 kB
Buffers:           25400 kB
Cached:           538128 kB
SwapCached:         3288 kB
Active:           732568 kB
Inactive:         764648 kB
Active(anon):     498492 kB
Inactive(anon):   438932 kB
Active(file):     234076 kB
Inactive(file):   325716 kB
Unevictable:          48 kB
Mlocked:              48 kB
HighTotal:       1161768 kB
HighFree:          71720 kB
LowTotal:         875548 kB
LowFree:          260624 kB
SwapTotal:       2070524 kB
SwapFree:        2008048 kB
Dirty:                68 kB
Writeback:             0 kB
AnonPages:        931496 kB
Mapped:           190876 kB
Shmem:              3736 kB
Slab:              49952 kB
SReclaimable:      24912 kB
SUnreclaim:        25040 kB
KernelStack:        3992 kB
PageTables:        13320 kB
NFS_Unstable:          0 kB
Bounce:                0 kB
WritebackTmp:          0 kB
CommitLimit:     3089180 kB
Committed_AS:    3920064 kB
VmallocTotal:     122880 kB
VmallocUsed:       26880 kB
VmallocChunk:      95484 kB
HardwareCorrupted:     0 kB
AnonHugePages:         0 kB
HugePages_Total:       0
HugePages_Free:        0
HugePages_Rsvd:        0
HugePages_Surp:        0
Hugepagesize:       2048 kB
DirectMap4k:        8184 kB
DirectMap2M:      905216 kB


CPU:total 4 (2 cores per cpu, 2 threads per core) family 6 model 42 stepping 7, cmov, cx8, fxsr, mmx, sse, sse2, sse3, ssse3, sse4.1, sse4.2, popcnt, ht

Memory: 4k page, physical 2037316k(332344k free), swap 2070524k(2008048k free)

vm_info: OpenJDK Server VM (20.0-b12) for linux-x86 JRE (1.6.0_27-b27), built on Nov 16 2013 15:21:31 by "buildd" with gcc 4.6.3

time: Wed Jan  1 17:36:11 2014
elapsed time: 0 seconds

